<?xml version="1.0" encoding="UTF-8"?>
<!-- Generated by org.testng.reporters.JUnitReportReporter -->
<testsuite hostname="Escha" failures="0" tests="6" name="testng.PararelTestNG" time="0.003" errors="0" timestamp="2025-02-19T21:35:01 ICT" skipped="0">
  <testcase classname="testng.PararelTestNG" name="scenariotest1" time="0.002"/>
  <testcase classname="testng.PararelTestNG" name="checkoutBarang" time="0.001"/>
  <testcase classname="testng.PararelTestNG" name="scenariotest3" time="0.000"/>
  <testcase classname="testng.PararelTestNG" name="scenariotest2" time="0.000"/>
  <testcase classname="testng.PararelTestNG" name="scenariotest5" time="0.000"/>
  <testcase classname="testng.PararelTestNG" name="scenariotest4" time="0.000"/>
</testsuite> <!-- testng.PararelTestNG -->
