<?xml version="1.0" encoding="UTF-8"?>
<!-- Generated by org.testng.reporters.JUnitReportReporter -->
<testsuite hostname="Escha" failures="0" tests="1" name="restassured.TugasValidationREST" time="3.842" errors="0" timestamp="2025-02-23T13:17:26 ICT" skipped="0">
  <testcase classname="restassured.TugasValidationREST" name="updateObject" time="3.842"/>
</testsuite> <!-- restassured.TugasValidationREST -->
